<?xml version="1.0" encoding="UTF-8"?>
<!-- Generated by org.testng.reporters.JUnitReportReporter -->
<testsuite hostname="LAP-0219" failures="0" tests="1" name="Selenium.Practice.Regenesys" time="16.290" errors="0" timestamp="2023-04-25T10:23:44 IST" skipped="0">
  <testcase classname="Selenium.Practice.Regenesys" name="intialize" time="16.290"/>
  <system-out/>
</testsuite> <!-- Selenium.Practice.Regenesys -->
